<?xml version="1.0" encoding="UTF-8"?>
<testng-results skipped="0" failed="0" total="3" passed="3">
  <reporter-output>
  </reporter-output>
  <suite name="Default suite" duration-ms="40" started-at="2019-07-11T09:59:32Z" finished-at="2019-07-11T09:59:32Z">
    <groups>
    </groups>
    <test name="Default test" duration-ms="40" started-at="2019-07-11T09:59:32Z" finished-at="2019-07-11T09:59:32Z">
      <class name="com.tests.TestNG">
        <test-method status="PASS" signature="testGoogle()[pri:1, instance:com.tests.TestNG@763d9750]" name="testGoogle" duration-ms="15" started-at="2019-07-11T15:29:32Z" finished-at="2019-07-11T15:29:32Z">
          <reporter-output>
          </reporter-output>
        </test-method> <!-- testGoogle -->
        <test-method status="PASS" signature="testTwitter()[pri:2, instance:com.tests.TestNG@763d9750]" name="testTwitter" duration-ms="1" started-at="2019-07-11T15:29:32Z" finished-at="2019-07-11T15:29:32Z">
          <reporter-output>
          </reporter-output>
        </test-method> <!-- testTwitter -->
        <test-method status="PASS" signature="testFacebook()[pri:3, instance:com.tests.TestNG@763d9750]" name="testFacebook" duration-ms="0" started-at="2019-07-11T15:29:32Z" finished-at="2019-07-11T15:29:32Z">
          <reporter-output>
          </reporter-output>
        </test-method> <!-- testFacebook -->
      </class> <!-- com.tests.TestNG -->
    </test> <!-- Default test -->
  </suite> <!-- Default suite -->
</testng-results>
